Performing C SOURCE FILE Test CMAKE_HAVE_LIBC_PTHREAD failed with the following output:
Change Dir: C:/Users/Alfred/Documents/Github/Lets-Do-Cpp/1-InitialBenchmark/out/build/x64-Debug/CMakeFiles/CMakeTmp

Run Build Command(s):C:/Program Files/Microsoft Visual Studio/2022/Community/Common7/IDE/CommonExtensions/Microsoft/CMake/Ninja/ninja.exe cmTC_a2157 && [1/2] Building C object CMakeFiles\cmTC_a2157.dir\src.c.obj
FAILED: CMakeFiles/cmTC_a2157.dir/src.c.obj 
C:\PROGRA~1\MICROS~4\2022\COMMUN~1\VC\Tools\MSVC\1434~1.319\bin\Hostx64\x64\cl.exe  /nologo -DCMAKE_HAVE_LIBC_PTHREAD  /DWIN32 /D_WINDOWS /W3  /MDd /Zi /Ob0 /Od /RTC1 /showIncludes /FoCMakeFiles\cmTC_a2157.dir\src.c.obj /FdCMakeFiles\cmTC_a2157.dir\ /FS -c C:\Users\Alfred\Documents\Github\Lets-Do-Cpp\1-InitialBenchmark\out\build\x64-Debug\CMakeFiles\CMakeTmp\src.c
C:\Users\Alfred\Documents\Github\Lets-Do-Cpp\1-InitialBenchmark\out\build\x64-Debug\CMakeFiles\CMakeTmp\src.c(1): fatal error C1083: Cannot open include file: 'pthread.h': No such file or directory
ninja: build stopped: subcommand failed.


Source file was:
#include <pthread.h>

static void* test_func(void* data)
{
  return data;
}

int main(void)
{
  pthread_t thread;
  pthread_create(&thread, NULL, test_func, NULL);
  pthread_detach(thread);
  pthread_cancel(thread);
  pthread_join(thread, NULL);
  pthread_atfork(NULL, NULL, NULL);
  pthread_exit(NULL);

  return 0;
}

Determining if the function pthread_create exists in the pthreads failed with the following output:
Change Dir: C:/Users/Alfred/Documents/Github/Lets-Do-Cpp/1-InitialBenchmark/out/build/x64-Debug/CMakeFiles/CMakeTmp

Run Build Command(s):C:/Program Files/Microsoft Visual Studio/2022/Community/Common7/IDE/CommonExtensions/Microsoft/CMake/Ninja/ninja.exe cmTC_f6036 && [1/2] Building C object CMakeFiles\cmTC_f6036.dir\CheckFunctionExists.c.obj
[2/2] Linking C executable cmTC_f6036.exe
FAILED: cmTC_f6036.exe 
cmd.exe /C "cd . && "C:\Program Files\Microsoft Visual Studio\2022\Community\Common7\IDE\CommonExtensions\Microsoft\CMake\CMake\bin\cmake.exe" -E vs_link_exe --intdir=CMakeFiles\cmTC_f6036.dir --rc=C:\PROGRA~2\WI3CF2~1\10\bin\100226~1.0\x64\rc.exe --mt=C:\PROGRA~2\WI3CF2~1\10\bin\100226~1.0\x64\mt.exe --manifests  -- C:\PROGRA~1\MICROS~4\2022\COMMUN~1\VC\Tools\MSVC\1434~1.319\bin\Hostx64\x64\link.exe /nologo CMakeFiles\cmTC_f6036.dir\CheckFunctionExists.c.obj  /out:cmTC_f6036.exe /implib:cmTC_f6036.lib /pdb:cmTC_f6036.pdb /version:0.0 /machine:x64  /debug /INCREMENTAL /subsystem:console  pthreads.lib  kernel32.lib user32.lib gdi32.lib winspool.lib shell32.lib ole32.lib oleaut32.lib uuid.lib comdlg32.lib advapi32.lib && cd ."
LINK Pass 1: command "C:\PROGRA~1\MICROS~4\2022\COMMUN~1\VC\Tools\MSVC\1434~1.319\bin\Hostx64\x64\link.exe /nologo CMakeFiles\cmTC_f6036.dir\CheckFunctionExists.c.obj /out:cmTC_f6036.exe /implib:cmTC_f6036.lib /pdb:cmTC_f6036.pdb /version:0.0 /machine:x64 /debug /INCREMENTAL /subsystem:console pthreads.lib kernel32.lib user32.lib gdi32.lib winspool.lib shell32.lib ole32.lib oleaut32.lib uuid.lib comdlg32.lib advapi32.lib /MANIFEST /MANIFESTFILE:CMakeFiles\cmTC_f6036.dir/intermediate.manifest CMakeFiles\cmTC_f6036.dir/manifest.res" failed (exit code 1104) with the following output:
LINK : fatal error LNK1104: cannot open file 'pthreads.lib'
ninja: build stopped: subcommand failed.



Determining if the function pthread_create exists in the pthread failed with the following output:
Change Dir: C:/Users/Alfred/Documents/Github/Lets-Do-Cpp/1-InitialBenchmark/out/build/x64-Debug/CMakeFiles/CMakeTmp

Run Build Command(s):C:/Program Files/Microsoft Visual Studio/2022/Community/Common7/IDE/CommonExtensions/Microsoft/CMake/Ninja/ninja.exe cmTC_efdc3 && [1/2] Building C object CMakeFiles\cmTC_efdc3.dir\CheckFunctionExists.c.obj
[2/2] Linking C executable cmTC_efdc3.exe
FAILED: cmTC_efdc3.exe 
cmd.exe /C "cd . && "C:\Program Files\Microsoft Visual Studio\2022\Community\Common7\IDE\CommonExtensions\Microsoft\CMake\CMake\bin\cmake.exe" -E vs_link_exe --intdir=CMakeFiles\cmTC_efdc3.dir --rc=C:\PROGRA~2\WI3CF2~1\10\bin\100226~1.0\x64\rc.exe --mt=C:\PROGRA~2\WI3CF2~1\10\bin\100226~1.0\x64\mt.exe --manifests  -- C:\PROGRA~1\MICROS~4\2022\COMMUN~1\VC\Tools\MSVC\1434~1.319\bin\Hostx64\x64\link.exe /nologo CMakeFiles\cmTC_efdc3.dir\CheckFunctionExists.c.obj  /out:cmTC_efdc3.exe /implib:cmTC_efdc3.lib /pdb:cmTC_efdc3.pdb /version:0.0 /machine:x64  /debug /INCREMENTAL /subsystem:console  pthread.lib  kernel32.lib user32.lib gdi32.lib winspool.lib shell32.lib ole32.lib oleaut32.lib uuid.lib comdlg32.lib advapi32.lib && cd ."
LINK Pass 1: command "C:\PROGRA~1\MICROS~4\2022\COMMUN~1\VC\Tools\MSVC\1434~1.319\bin\Hostx64\x64\link.exe /nologo CMakeFiles\cmTC_efdc3.dir\CheckFunctionExists.c.obj /out:cmTC_efdc3.exe /implib:cmTC_efdc3.lib /pdb:cmTC_efdc3.pdb /version:0.0 /machine:x64 /debug /INCREMENTAL /subsystem:console pthread.lib kernel32.lib user32.lib gdi32.lib winspool.lib shell32.lib ole32.lib oleaut32.lib uuid.lib comdlg32.lib advapi32.lib /MANIFEST /MANIFESTFILE:CMakeFiles\cmTC_efdc3.dir/intermediate.manifest CMakeFiles\cmTC_efdc3.dir/manifest.res" failed (exit code 1104) with the following output:
LINK : fatal error LNK1104: cannot open file 'pthread.lib'
ninja: build stopped: subcommand failed.



Determining if the function shm_open exists in the rt failed with the following output:
Change Dir: C:/Users/Alfred/Documents/Github/Lets-Do-Cpp/1-InitialBenchmark/out/build/x64-Debug/CMakeFiles/CMakeTmp

Run Build Command(s):C:/Program Files/Microsoft Visual Studio/2022/Community/Common7/IDE/CommonExtensions/Microsoft/CMake/Ninja/ninja.exe cmTC_487e6 && [1/2] Building C object CMakeFiles\cmTC_487e6.dir\CheckFunctionExists.c.obj
[2/2] Linking C executable cmTC_487e6.exe
FAILED: cmTC_487e6.exe 
cmd.exe /C "cd . && "C:\Program Files\Microsoft Visual Studio\2022\Community\Common7\IDE\CommonExtensions\Microsoft\CMake\CMake\bin\cmake.exe" -E vs_link_exe --intdir=CMakeFiles\cmTC_487e6.dir --rc=C:\PROGRA~2\WI3CF2~1\10\bin\100226~1.0\x64\rc.exe --mt=C:\PROGRA~2\WI3CF2~1\10\bin\100226~1.0\x64\mt.exe --manifests  -- C:\PROGRA~1\MICROS~4\2022\COMMUN~1\VC\Tools\MSVC\1434~1.319\bin\Hostx64\x64\link.exe /nologo CMakeFiles\cmTC_487e6.dir\CheckFunctionExists.c.obj  /out:cmTC_487e6.exe /implib:cmTC_487e6.lib /pdb:cmTC_487e6.pdb /version:0.0 /machine:x64  /debug /INCREMENTAL /subsystem:console  rt.lib  kernel32.lib user32.lib gdi32.lib winspool.lib shell32.lib ole32.lib oleaut32.lib uuid.lib comdlg32.lib advapi32.lib && cd ."
LINK Pass 1: command "C:\PROGRA~1\MICROS~4\2022\COMMUN~1\VC\Tools\MSVC\1434~1.319\bin\Hostx64\x64\link.exe /nologo CMakeFiles\cmTC_487e6.dir\CheckFunctionExists.c.obj /out:cmTC_487e6.exe /implib:cmTC_487e6.lib /pdb:cmTC_487e6.pdb /version:0.0 /machine:x64 /debug /INCREMENTAL /subsystem:console rt.lib kernel32.lib user32.lib gdi32.lib winspool.lib shell32.lib ole32.lib oleaut32.lib uuid.lib comdlg32.lib advapi32.lib /MANIFEST /MANIFESTFILE:CMakeFiles\cmTC_487e6.dir/intermediate.manifest CMakeFiles\cmTC_487e6.dir/manifest.res" failed (exit code 1104) with the following output:
LINK : fatal error LNK1104: cannot open file 'rt.lib'
ninja: build stopped: subcommand failed.



Performing C++ SOURCE FILE Test HAVE_CXX_FLAG_WNO_UNUSED_VARIABLE failed with the following output:
Change Dir: C:/Users/Alfred/Documents/Github/Lets-Do-Cpp/1-InitialBenchmark/out/build/x64-Debug/CMakeFiles/CMakeTmp

Run Build Command(s):C:/Program Files/Microsoft Visual Studio/2022/Community/Common7/IDE/CommonExtensions/Microsoft/CMake/Ninja/ninja.exe cmTC_c2c5c && [1/2] Building CXX object CMakeFiles\cmTC_c2c5c.dir\src.cxx.obj
FAILED: CMakeFiles/cmTC_c2c5c.dir/src.cxx.obj 
C:\PROGRA~1\MICROS~4\2022\COMMUN~1\VC\Tools\MSVC\1434~1.319\bin\Hostx64\x64\cl.exe  /nologo /TP -DHAVE_CXX_FLAG_WNO_UNUSED_VARIABLE  /DWIN32 /D_WINDOWS  /GR /EHsc /W4  -Wno-unused-variable /MDd /Zi /Ob0 /Od /RTC1   -Wno-unused-variable /showIncludes /FoCMakeFiles\cmTC_c2c5c.dir\src.cxx.obj /FdCMakeFiles\cmTC_c2c5c.dir\ /FS -c C:\Users\Alfred\Documents\Github\Lets-Do-Cpp\1-InitialBenchmark\out\build\x64-Debug\CMakeFiles\CMakeTmp\src.cxx
cl : Command line error D8021 : invalid numeric argument '/Wno-unused-variable'
ninja: build stopped: subcommand failed.


Source file was:
int main() { return 0; }
Performing C++ SOURCE FILE Test BENCHMARK_HAS_O3_FLAG failed with the following output:
Change Dir: C:/Users/Alfred/Documents/Github/Lets-Do-Cpp/1-InitialBenchmark/out/build/x64-Debug/CMakeFiles/CMakeTmp

Run Build Command(s):C:/Program Files/Microsoft Visual Studio/2022/Community/Common7/IDE/CommonExtensions/Microsoft/CMake/Ninja/ninja.exe cmTC_0fc9a && [1/2] Building CXX object CMakeFiles\cmTC_0fc9a.dir\src.cxx.obj
cl : Command line warning D9002 : ignoring unknown option '-O3'
[2/2] Linking CXX executable cmTC_0fc9a.exe


Source file was:
int main() { return 0; }
Performing C++ SOURCE FILE Test BENCHMARK_HAS_DEPRECATED_DECLARATIONS_FLAG failed with the following output:
Change Dir: C:/Users/Alfred/Documents/Github/Lets-Do-Cpp/1-InitialBenchmark/out/build/x64-Debug/CMakeFiles/CMakeTmp

Run Build Command(s):C:/Program Files/Microsoft Visual Studio/2022/Community/Common7/IDE/CommonExtensions/Microsoft/CMake/Ninja/ninja.exe cmTC_178b4 && [1/2] Building CXX object CMakeFiles\cmTC_178b4.dir\src.cxx.obj
FAILED: CMakeFiles/cmTC_178b4.dir/src.cxx.obj 
C:\PROGRA~1\MICROS~4\2022\COMMUN~1\VC\Tools\MSVC\1434~1.319\bin\Hostx64\x64\cl.exe  /nologo /TP -DBENCHMARK_HAS_DEPRECATED_DECLARATIONS_FLAG  /DWIN32 /D_WINDOWS  /GR /EHsc /W4  /MDd /Zi /Ob0 /Od /RTC1   -Werror=deprecated-declarations /showIncludes /FoCMakeFiles\cmTC_178b4.dir\src.cxx.obj /FdCMakeFiles\cmTC_178b4.dir\ /FS -c C:\Users\Alfred\Documents\Github\Lets-Do-Cpp\1-InitialBenchmark\out\build\x64-Debug\CMakeFiles\CMakeTmp\src.cxx
cl : Command line error D8021 : invalid numeric argument '/Werror=deprecated-declarations'
ninja: build stopped: subcommand failed.


Source file was:
int main() { return 0; }
